Environment variables:
  - =C:=C:\Program Files (x86)\Jenkins\workspace\github normal simple project
  - ALLUSERSPROFILE=C:\ProgramData
  - APPDATA=C:\WINDOWS\system32\config\systemprofile\AppData\Roaming
  - APPLOGSC=C:\WINDOWS\Logs\Siemens\Applications
  - BASE=C:\Program Files (x86)\Jenkins
  - BUILD_DISPLAY_NAME=#10
  - BUILD_ID=10
  - BUILD_NUMBER=10
  - BUILD_TAG=jenkins-github normal simple project-10
  - BUILD_URL=http://localhost:8080/job/github%20normal%20simple%20project/10/
  - COMPUTERNAME=MD1NAR7C
  - ComSpec=C:\WINDOWS\system32\cmd.exe
  - CommonProgramFiles=C:\Program Files\Common Files
  - CommonProgramFiles(x86)=C:\Program Files (x86)\Common Files
  - CommonProgramW6432=C:\Program Files\Common Files
  - DefaultScreensaver=scrnsave.scr
  - DistributionPoint=\\ww002.siemens.net\dfs\gain\LSDP_W7\WIN7PKG
  - ERROR_CODE=0
  - EXECUTOR_NUMBER=1
  - FP_NO_HOST_CHECK=NO
  - GIT_BRANCH=origin/master
  - GIT_COMMIT=38046cd76baae5ebd81d743f7c4ec9b6530953bc
  - GIT_PREVIOUS_COMMIT=38046cd76baae5ebd81d743f7c4ec9b6530953bc
  - GIT_PREVIOUS_SUCCESSFUL_COMMIT=38046cd76baae5ebd81d743f7c4ec9b6530953bc
  - GIT_URL=https://github.com/pfppt0103543/sonarTest
  - HUDSON_COOKIE=1961c38b-276f-456e-9cd9-63d6e8e64e7b
  - HUDSON_HOME=C:\Program Files (x86)\Jenkins
  - HUDSON_SERVER_COOKIE=1b8f75e0f5fbce92
  - HUDSON_URL=http://localhost:8080/
  - JAVA_EXEC="C:\Program Files\Java\jdk1.8.0_144\bin\java.exe"
  - JAVA_HOME=C:\Program Files\Java\jdk1.8.0_144
  - JENKINS_HOME=C:\Program Files (x86)\Jenkins
  - JENKINS_SERVER_COOKIE=1b8f75e0f5fbce92
  - JENKINS_URL=http://localhost:8080/
  - JOB_BASE_NAME=github normal simple project
  - JOB_DISPLAY_URL=http://localhost:8080/job/github%20normal%20simple%20project/display/redirect
  - JOB_NAME=github normal simple project
  - JOB_URL=http://localhost:8080/job/github%20normal%20simple%20project/
  - LOCALAPPDATA=C:\WINDOWS\system32\config\systemprofile\AppData\Local
  - LogPath=C:\WINDOWS\Logs\Siemens
  - M2=C:\Program Files\Java\apache-maven-3.5.0\bin
  - M2_HOME=C:\Program Files\Java\apache-maven-3.5.0
  - Mosaic_SWprofile=\\ww002.siemens.net\dfs\gain\Custom_Root$\_mosaic\SWI
  - NODE_LABELS=master
  - NODE_NAME=master
  - NUMBER_OF_PROCESSORS=4
  - OS=Windows_NT
  - PATHEXT=.COM;.EXE;.BAT;.CMD;.VBS;.VBE;.JS;.JSE;.WSF;.WSH;.MSC
  - PROCESSOR_ARCHITECTURE=AMD64
  - PROCESSOR_IDENTIFIER=Intel64 Family 6 Model 78 Stepping 3, GenuineIntel
  - PROCESSOR_LEVEL=6
  - PROCESSOR_REVISION=4e03
  - PROJECT_HOME=C:\Program Files (x86)\Jenkins\workspace\github normal simple project
  - PROMPT=$P$G
  - PSModulePath=C:\Program Files\WindowsPowerShell\Modules;C:\WINDOWS\system32\WindowsPowerShell\v1.0\Modules
  - PUBLIC=C:\Users\Public
  - Path=C:\WINDOWS\system32;C:\WINDOWS;C:\WINDOWS\System32\Wbem;C:\WINDOWS\System32\WindowsPowerShell\v1.0\;C:\WINDOWS\System32\WindowsPowerShell\v1.0\;C:\WINDOWS\System32\WindowsPowerShell\v1.0\;C:\Program Files\PuTTY\;C:\ProgramData\Oracle\Java\javapath;C:\Program Files\nodejs\;C:\Program Files (x86)\Java\jre1.8.0_141\bin;C:\Program Files\Java\jdk1.8.0_144;C:\Program Files\Java\apache-maven-3.5.0\bin;C:\Program Files\TortoiseSVN\bin;
  - ProgramData=C:\ProgramData
  - ProgramFiles=C:\Program Files
  - ProgramFiles(x86)=C:\Program Files (x86)
  - ProgramW6432=C:\Program Files
  - RUN_CHANGES_DISPLAY_URL=http://localhost:8080/job/github%20normal%20simple%20project/10/display/redirect?page=changes
  - RUN_DISPLAY_URL=http://localhost:8080/job/github%20normal%20simple%20project/10/display/redirect
  - SERVICE_ID=Jenkins
  - SMSSITECODE=QH0
  - SMS_ServerLocatorPoint=DEFTHP10001SMS.ww002.siemens.net
  - SONAR_SCANNER_HOME=C:\Program Files (x86)\Jenkins\tools\hudson.plugins.sonar.SonarRunnerInstallation\Sonar\bin\..
  - SiteServer=webmail-emea.siemens.net
  - SystemDrive=C:
  - SystemRoot=C:\WINDOWS
  - TEMP=C:\WINDOWS\TEMP
  - TMP=C:\WINDOWS\TEMP
  - UATDATA=C:\Windows\SysWOW64\CCM\UATData\D9F8C395-CAB8-491d-B8AC-179A1FE1BE77
  - UCMSVersion=1.20.0.12
  - USERDOMAIN=AD001
  - USERNAME=MD1NAR7C$
  - USERPROFILE=C:\WINDOWS\system32\config\systemprofile
  - VBOX_MSI_INSTALL_PATH=C:\Program Files\Oracle\VirtualBox\
  - WINSW_EXECUTABLE=C:\Program Files (x86)\Jenkins\jenkins.exe
  - WINSW_SERVICE_ID=Jenkins
  - WORKSPACE=C:\Program Files (x86)\Jenkins\workspace\github normal simple project
  - scriptdir=C:\Program Files (x86)\Jenkins\tools\hudson.plugins.sonar.SonarRunnerInstallation\Sonar\bin
  - use_embedded_jre=false
  - windir=C:\WINDOWS
  - windows_tracing_flags=3
  - windows_tracing_logfile=C:\BVTBin\Tests\installpackage\csilogfile.log
System properties:
  - awt.toolkit=sun.awt.windows.WToolkit
  - file.encoding=Cp1252
  - file.encoding.pkg=sun.io
  - file.separator=\
  - java.awt.graphicsenv=sun.awt.Win32GraphicsEnvironment
  - java.awt.headless=true
  - java.awt.printerjob=sun.awt.windows.WPrinterJob
  - java.class.path=C:\Program Files (x86)\Jenkins\tools\hudson.plugins.sonar.SonarRunnerInstallation\Sonar\bin\..\lib\sonar-scanner-cli-3.0.3.778.jar
  - java.class.version=52.0
  - java.endorsed.dirs=C:\Program Files\Java\jdk1.8.0_144\jre\lib\endorsed
  - java.ext.dirs=C:\Program Files\Java\jdk1.8.0_144\jre\lib\ext;C:\WINDOWS\Sun\Java\lib\ext
  - java.home=C:\Program Files\Java\jdk1.8.0_144\jre
  - java.io.tmpdir=C:\WINDOWS\TEMP\
  - java.library.path=C:\Program Files\Java\jdk1.8.0_144\bin;C:\WINDOWS\Sun\Java\bin;C:\WINDOWS\system32;C:\WINDOWS;C:\WINDOWS\system32;C:\WINDOWS;C:\WINDOWS\System32\Wbem;C:\WINDOWS\System32\WindowsPowerShell\v1.0\;C:\WINDOWS\System32\WindowsPowerShell\v1.0\;C:\WINDOWS\System32\WindowsPowerShell\v1.0\;C:\Program Files\PuTTY\;C:\ProgramData\Oracle\Java\javapath;C:\Program Files\nodejs\;C:\Program Files (x86)\Java\jre1.8.0_141\bin;C:\Program Files\Java\jdk1.8.0_144;C:\Program Files\Java\apache-maven-3.5.0\bin;C:\Program Files\TortoiseSVN\bin;;.
  - java.runtime.name=Java(TM) SE Runtime Environment
  - java.runtime.version=1.8.0_144-b01
  - java.specification.name=Java Platform API Specification
  - java.specification.vendor=Oracle Corporation
  - java.specification.version=1.8
  - java.vendor=Oracle Corporation
  - java.vendor.url=http://java.oracle.com/
  - java.vendor.url.bug=http://bugreport.sun.com/bugreport/
  - java.version=1.8.0_144
  - java.vm.info=mixed mode
  - java.vm.name=Java HotSpot(TM) 64-Bit Server VM
  - java.vm.specification.name=Java Virtual Machine Specification
  - java.vm.specification.vendor=Oracle Corporation
  - java.vm.specification.version=1.8
  - java.vm.vendor=Oracle Corporation
  - java.vm.version=25.144-b01
  - line.separator=

  - os.arch=amd64
  - os.name=Windows 7
  - os.version=6.1
  - path.separator=;
  - project.home=C:\Program Files (x86)\Jenkins\workspace\github normal simple project
  - scanner.home=C:\Program Files (x86)\Jenkins\tools\hudson.plugins.sonar.SonarRunnerInstallation\Sonar\bin\..
  - sun.arch.data.model=64
  - sun.boot.class.path=C:\Program Files\Java\jdk1.8.0_144\jre\lib\resources.jar;C:\Program Files\Java\jdk1.8.0_144\jre\lib\rt.jar;C:\Program Files\Java\jdk1.8.0_144\jre\lib\sunrsasign.jar;C:\Program Files\Java\jdk1.8.0_144\jre\lib\jsse.jar;C:\Program Files\Java\jdk1.8.0_144\jre\lib\jce.jar;C:\Program Files\Java\jdk1.8.0_144\jre\lib\charsets.jar;C:\Program Files\Java\jdk1.8.0_144\jre\lib\jfr.jar;C:\Program Files\Java\jdk1.8.0_144\jre\classes
  - sun.boot.library.path=C:\Program Files\Java\jdk1.8.0_144\jre\bin
  - sun.cpu.endian=little
  - sun.cpu.isalist=amd64
  - sun.desktop=windows
  - sun.io.unicode.encoding=UnicodeLittle
  - sun.java.command=org.sonarsource.scanner.cli.Main -e -Dsonar.host.url=http://localhost:9000 -Dsonar.login=d411d984310d2f20e1060e43c1da3c4740d15d61 -Dsonar.sourceEncoding=ISO-8859-15 -Dsonar.sources=. -Dsonar.surefire.reportsPath=target/surefire-reports -Dsonar.forceAnalysis=true -Dsonar.junit.reportsPath=target/surefire-reports -Dsonar.jacoco.reportMissing.force.zero=true -Dsonar.jacoco.reportPath=target/jacoco.exec -Dsonar.projectVersion=dev -Dsonar.java.binaries=target/classes/sonar_project/test -Dsonar.projectKey=somekey-sonar-runner -Dsonar.verbose=true -Dsonar.jacoco.itReportPath=target/jacoco-it.exec -Dsonar.java.coveragePlugin=jacoco -Dmaven.test.failure.ignore=true -Dsonar.java.test.binaries=target/classes/sonar_project/test-classes -Dsonar.projectName=SomeNameSonarQube Runner -Dsonar.projectBaseDir=C:\Program Files (x86)\Jenkins\workspace\github normal simple project
  - sun.java.launcher=SUN_STANDARD
  - sun.jnu.encoding=Cp1252
  - sun.management.compiler=HotSpot 64-Bit Tiered Compilers
  - sun.os.patch.level=Service Pack 1
  - user.country=US
  - user.country.format=PT
  - user.dir=C:\Program Files (x86)\Jenkins\workspace\github normal simple project
  - user.home=C:\WINDOWS\system32\config\systemprofile
  - user.language=en
  - user.language.format=pt
  - user.name=MD1NAR7C$
  - user.script=
  - user.timezone=Europe/London
  - user.variant=
SonarQube plugins:
  - C# 5.0 (csharp)
  - Java 3.13.1 (java)
  - SVN 1.3 (scmsvn)
  - Git 1.2 (scmgit)
  - JavaScript 2.11 (javascript)
Global properties:
  - sonar.core.id=20171011095755
  - sonar.core.startTime=2017-10-11T09:57:55+0100
  - sonar.core.version=5.6.7
  - sonar.jacoco.reportMissing.force.zero=true
  - sonar.permission.template.default=default_template
  - sonar.qualitygate=1
Settings for module: somekey-sonar-runner
  - sonar.forceAnalysis=true
  - sonar.host.url=http://localhost:9000
  - sonar.jacoco.itReportPath=target/jacoco-it.exec
  - sonar.jacoco.reportMissing.force.zero=true
  - sonar.jacoco.reportPath=target/jacoco.exec
  - sonar.java.binaries=target/classes/sonar_project/test
  - sonar.java.coveragePlugin=jacoco
  - sonar.java.test.binaries=target/classes/sonar_project/test-classes
  - sonar.junit.reportsPath=target/surefire-reports
  - sonar.login=******
  - sonar.projectBaseDir=C:\Program Files (x86)\Jenkins\workspace\github normal simple project
  - sonar.projectKey=somekey-sonar-runner
  - sonar.projectName=SomeNameSonarQube Runner
  - sonar.projectVersion=dev
  - sonar.sourceEncoding=ISO-8859-15
  - sonar.sources=.
  - sonar.surefire.reportsPath=target/surefire-reports
  - sonar.verbose=true
  - sonar.working.directory=C:\Program Files (x86)\Jenkins\workspace\github normal simple project\.scannerwork
